[debug] [2023-01-03T21:05:20.455Z] ----------------------------------------------------------------------
[debug] [2023-01-03T21:05:20.457Z] Command:       C:\Program Files\nodejs\node.exe C:\Users\shubh\AppData\Roaming\npm\node_modules\firebase-tools\lib\bin\firebase.js init
[debug] [2023-01-03T21:05:20.458Z] CLI Version:   11.19.0
[debug] [2023-01-03T21:05:20.458Z] Platform:      win32
[debug] [2023-01-03T21:05:20.458Z] Node Version:  v14.18.1
[debug] [2023-01-03T21:05:20.458Z] Time:          Tue Jan 03 2023 15:05:20 GMT-0600 (Central Standard Time)
[debug] [2023-01-03T21:05:20.459Z] ----------------------------------------------------------------------
[debug] 
[debug] [2023-01-03T21:05:20.464Z] >>> [apiv2][query] GET https://firebase-public.firebaseio.com/cli.json [none]
[debug] [2023-01-03T21:05:20.584Z] > command requires scopes: ["email","openid","https://www.googleapis.com/auth/cloudplatformprojects.readonly","https://www.googleapis.com/auth/firebase","https://www.googleapis.com/auth/cloud-platform"]
[debug] [2023-01-03T21:05:20.584Z] > authorizing via signed-in user (shubhajoshi21@gmail.com)
[info] 
     ######## #### ########  ######## ########     ###     ######  ########
     ##        ##  ##     ## ##       ##     ##  ##   ##  ##       ##
     ######    ##  ########  ######   ########  #########  ######  ######
     ##        ##  ##    ##  ##       ##     ## ##     ##       ## ##
     ##       #### ##     ## ######## ########  ##     ##  ######  ########

You're about to initialize a Firebase project in this directory:

  D:\projects\itsshubhaofficialv2

Before we get started, keep in mind:

  * You are initializing within an existing Firebase project directory

[debug] [2023-01-03T21:05:21.028Z] <<< [apiv2][status] GET https://firebase-public.firebaseio.com/cli.json 200
[debug] [2023-01-03T21:05:21.028Z] <<< [apiv2][body] GET https://firebase-public.firebaseio.com/cli.json {"cloudBuildErrorAfter":1594252800000,"cloudBuildWarnAfter":1590019200000,"defaultNode10After":1594252800000,"minVersion":"3.0.5","node8DeploysDisabledAfter":1613390400000,"node8RuntimeDisabledAfter":1615809600000,"node8WarnAfter":1600128000000}
